<?xml version="1.0" encoding="UTF-8"?>
<testsuite xmlns:xsi="http://www.w3.org/2001/XMLSchema-instance" xsi:noNamespaceSchemaLocation="https://maven.apache.org/surefire/maven-surefire-plugin/xsd/surefire-test-report-3.0.xsd" version="3.0" name="com.gildedrose.GildedRoseTest" time="0.047" tests="2" errors="0" skipped="0" failures="1">
  <properties>
[...]
</properties>
  <testcase name="thirtyDaysTest" classname="com.gildedrose.GildedRoseTest" time="0.032"/>
  <testcase name="foo" classname="com.gildedrose.GildedRoseTest" time="0.002">
    <failure type="org.opentest4j.AssertionFailedError"><![CDATA[org.opentest4j.AssertionFailedError: expected: <fixme> but was: <foo>
	at com.gildedrose.GildedRoseTest.foo(GildedRoseTest.java:390)
]]></failure>
  </testcase>
</testsuite>